02/19/19 16:46:34 v1.34.5 @ THINKER-Z, 
02/19/19 16:46:34 v1.34.5 @ THINKER-Z, ****************************
02/19/19 16:46:34 v1.34.5 @ THINKER-Z, Starting factorization of 1277298468069761698101169666220381318599946817546513677353733
02/19/19 16:46:34 v1.34.5 @ THINKER-Z, using pretesting plan: normal
02/19/19 16:46:34 v1.34.5 @ THINKER-Z, no tune info: using qs/gnfs crossover of 95 digits
02/19/19 16:46:34 v1.34.5 @ THINKER-Z, ****************************
02/19/19 16:46:34 v1.34.5 @ THINKER-Z, rho: x^2 + 3, starting 1000 iterations on C61
02/19/19 16:46:34 v1.34.5 @ THINKER-Z, rho: x^2 + 2, starting 1000 iterations on C61
02/19/19 16:46:34 v1.34.5 @ THINKER-Z, rho: x^2 + 1, starting 1000 iterations on C61
02/19/19 16:46:34 v1.34.5 @ THINKER-Z, pm1: starting B1 = 150K, B2 = gmp-ecm default on C61
02/19/19 16:46:34 v1.34.5 @ THINKER-Z, current ECM pretesting depth: 0.00
02/19/19 16:46:34 v1.34.5 @ THINKER-Z, scheduled 30 curves at B1=2000 toward target pretesting depth of 18.77
02/19/19 16:46:34 v1.34.5 @ THINKER-Z, Finished 30 curves using Lenstra ECM method on C61 input, B1=2K, B2=gmp-ecm default
02/19/19 16:46:34 v1.34.5 @ THINKER-Z, current ECM pretesting depth: 15.18
02/19/19 16:46:34 v1.34.5 @ THINKER-Z, scheduled 55 curves at B1=11000 toward target pretesting depth of 18.77
02/19/19 16:46:36 v1.34.5 @ THINKER-Z, Finished 55 curves using Lenstra ECM method on C61 input, B1=11K, B2=gmp-ecm default
02/19/19 16:46:36 v1.34.5 @ THINKER-Z, final ECM pretested depth: 18.89
02/19/19 16:46:36 v1.34.5 @ THINKER-Z, scheduler: switching to sieve method
02/19/19 16:46:36 v1.34.5 @ THINKER-Z, starting SIQS on c61: 1277298468069761698101169666220381318599946817546513677353733
02/19/19 16:46:36 v1.34.5 @ THINKER-Z, random seeds: 818682290, 1732494311
02/19/19 16:46:36 v1.34.5 @ THINKER-Z, ==== sieve params ====
02/19/19 16:46:36 v1.34.5 @ THINKER-Z, n = 61 digits, 202 bits
02/19/19 16:46:36 v1.34.5 @ THINKER-Z, factor base: 3824 primes (max prime = 78121)
02/19/19 16:46:36 v1.34.5 @ THINKER-Z, single large prime cutoff: 4687260 (60 * pmax)
02/19/19 16:46:36 v1.34.5 @ THINKER-Z, allocating 2 large prime slices of factor base
02/19/19 16:46:36 v1.34.5 @ THINKER-Z, buckets hold 2048 elements
02/19/19 16:46:36 v1.34.5 @ THINKER-Z, using 32k sieve core
02/19/19 16:46:36 v1.34.5 @ THINKER-Z, sieve interval: 4 blocks of size 32768
02/19/19 16:46:36 v1.34.5 @ THINKER-Z, polynomial A has ~ 7 factors
02/19/19 16:46:36 v1.34.5 @ THINKER-Z, using multiplier of 3
02/19/19 16:46:36 v1.34.5 @ THINKER-Z, using SPV correction of 21 bits, starting at offset 38
02/19/19 16:46:36 v1.34.5 @ THINKER-Z, using SSE2 for trial division and x64 sieve scanning
02/19/19 16:46:36 v1.34.5 @ THINKER-Z, using SSE4.1 enabled 32k sieve core
02/19/19 16:46:36 v1.34.5 @ THINKER-Z, using SSE2 for resieving 13-16 bit primes
02/19/19 16:46:36 v1.34.5 @ THINKER-Z, trial factoring cutoff at 67 bits
02/19/19 16:46:36 v1.34.5 @ THINKER-Z, ==== sieving started (1 thread) ====
02/19/19 16:46:38 v1.34.5 @ THINKER-Z, trial division touched 211696 sieve locations out of 2130444288
02/19/19 16:46:38 v1.34.5 @ THINKER-Z, 3911 relations found: 2028 full + 1883 from 17982 partial, using 8127 polys (128 A polys)
02/19/19 16:46:38 v1.34.5 @ THINKER-Z, on average, sieving found 2.46 rels/poly and 7837.81 rels/sec
02/19/19 16:46:38 v1.34.5 @ THINKER-Z, trial division touched 211696 sieve locations out of 2130444288
02/19/19 16:46:38 v1.34.5 @ THINKER-Z, ==== post processing stage (msieve-1.38) ====
02/19/19 16:46:38 v1.34.5 @ THINKER-Z, begin with 20010 relations
02/19/19 16:46:38 v1.34.5 @ THINKER-Z, reduce to 5541 relations in 2 passes
02/19/19 16:46:38 v1.34.5 @ THINKER-Z, recovered 5541 relations
02/19/19 16:46:38 v1.34.5 @ THINKER-Z, recovered 4020 polynomials
02/19/19 16:46:38 v1.34.5 @ THINKER-Z, freed 1 duplicate relations
02/19/19 16:46:38 v1.34.5 @ THINKER-Z, attempting to build 3910 cycles
02/19/19 16:46:38 v1.34.5 @ THINKER-Z, found 3910 cycles in 1 passes
02/19/19 16:46:38 v1.34.5 @ THINKER-Z, distribution of cycle lengths:
02/19/19 16:46:38 v1.34.5 @ THINKER-Z,    length 1 : 2028
02/19/19 16:46:38 v1.34.5 @ THINKER-Z,    length 2 : 1882
02/19/19 16:46:38 v1.34.5 @ THINKER-Z, largest cycle: 2 relations
02/19/19 16:46:38 v1.34.5 @ THINKER-Z, matrix is 3824 x 3910 (0.5 MB) with weight 100620 (25.73/col)
02/19/19 16:46:38 v1.34.5 @ THINKER-Z, sparse part has weight 100620 (25.73/col)
02/19/19 16:46:38 v1.34.5 @ THINKER-Z, filtering completed in 3 passes
02/19/19 16:46:38 v1.34.5 @ THINKER-Z, matrix is 3525 x 3589 (0.5 MB) with weight 91349 (25.45/col)
02/19/19 16:46:38 v1.34.5 @ THINKER-Z, sparse part has weight 91349 (25.45/col)
02/19/19 16:46:38 v1.34.5 @ THINKER-Z, commencing Lanczos iteration
02/19/19 16:46:38 v1.34.5 @ THINKER-Z, memory use: 0.6 MB
02/19/19 16:46:38 v1.34.5 @ THINKER-Z, lanczos halted after 57 iterations (dim = 3521)
02/19/19 16:46:38 v1.34.5 @ THINKER-Z, recovered 63 nontrivial dependencies
02/19/19 16:46:38 v1.34.5 @ THINKER-Z, prp31 = 1145274938958946314819062648089
02/19/19 16:46:38 v1.34.5 @ THINKER-Z, prp31 = 1115276711835521895689098081997
02/19/19 16:46:38 v1.34.5 @ THINKER-Z, Lanczos elapsed time = 0.0790 seconds.
02/19/19 16:46:38 v1.34.5 @ THINKER-Z, Sqrt elapsed time = 0.0030 seconds.
02/19/19 16:46:38 v1.34.5 @ THINKER-Z, SIQS elapsed time = 2.6348 seconds.
02/19/19 16:46:38 v1.34.5 @ THINKER-Z, 
02/19/19 16:46:38 v1.34.5 @ THINKER-Z, 
02/19/19 16:46:38 v1.34.5 @ THINKER-Z, Total factoring time = 4.5738 seconds
